<?xml version="1.0" encoding="UTF-8"?>
<!-- Generated by org.testng.reporters.JUnitReportReporter -->
<testsuite hostname="LAPTOP-HD2RSVAT" failures="0" tests="1" name="Assessment.monkeyuser.ComicsBook" time="27.594" errors="0" timestamp="11 Aug 2020 13:04:58 GMT">
  <testcase classname="Assessment.monkeyuser.ComicsBook" name="comicBook" time="27.594"/>
</testsuite> <!-- Assessment.monkeyuser.ComicsBook -->
